<?xml version="1.0" encoding="UTF-8"?>
<testng-results ignored="0" total="1" passed="1" failed="0" skipped="0">
  <reporter-output>
  </reporter-output>
  <suite started-at="2023-09-18T15:24:09Z" name="Default suite" finished-at="2023-09-18T15:24:10Z" duration-ms="1461">
    <groups>
    </groups>
    <test started-at="2023-09-18T15:24:09Z" name="Default test" finished-at="2023-09-18T15:24:10Z" duration-ms="1461">
      <class name="com.api.tests.GETAPIcallTest">
        <test-method signature="getAPIcallTest()[pri:0, instance:com.api.tests.GETAPIcallTest@413d1baf]" started-at="2023-09-18T15:24:09Z" name="getAPIcallTest" finished-at="2023-09-18T15:24:10Z" duration-ms="1443" status="PASS">
          <reporter-output>
          </reporter-output>
        </test-method> <!-- getAPIcallTest -->
      </class> <!-- com.api.tests.GETAPIcallTest -->
    </test> <!-- Default test -->
  </suite> <!-- Default suite -->
</testng-results>
