<?xml version="1.0" encoding="UTF-8"?>
<!-- Generated by org.testng.reporters.JUnitXMLReporter -->
<testsuite ignored="0" hostname="Naveen" failures="0" tests="8" name="Test" time="3.743" errors="0" timestamp="18 Sep 2023 16:34:36 GMT">
  <testcase classname="com.api.tests.DeleteAPIcallTest" name="DeleteAPIcall" time="1.644"/>
  <testcase classname="com.api.tests.GETAPIcallTest" name="getAPIcallTest" time="0.189"/>
  <testcase classname="com.api.tests.POSTAPIcallTest" name="postAPItest" time="0.597"/>
  <testcase classname="com.api.tests.PUTAPIcallTest" name="putAPItest" time="0.551"/>
  <testcase classname="com.api.tests.TestAPIclass" name="getListResources" time="0.163"/>
  <testcase classname="com.api.tests.TestAPIclass" name="getSingleUser" time="0.178"/>
  <testcase classname="com.api.tests.TestAPIclass" name="getUsersInPageOne" time="0.203"/>
  <testcase classname="com.api.tests.TestAPIclass" name="getUsersInPageTwo" time="0.185"/>
</testsuite> <!-- Test -->
